[debug] [2018-02-18T18:49:36.199Z] ----------------------------------------------------------------------
[debug] [2018-02-18T18:49:36.202Z] Command:       /home/stephen/.nvm/versions/node/v8.4.0/bin/node /home/stephen/.config/yarn/global/node_modules/.bin/firebase deploy
[debug] [2018-02-18T18:49:36.202Z] CLI Version:   3.16.0
[debug] [2018-02-18T18:49:36.202Z] Platform:      linux
[debug] [2018-02-18T18:49:36.202Z] Node Version:  v8.4.0
[debug] [2018-02-18T18:49:36.202Z] Time:          Sun Feb 18 2018 10:49:36 GMT-0800 (PST)
[debug] [2018-02-18T18:49:36.202Z] ----------------------------------------------------------------------
[debug] 
[debug] [2018-02-18T18:49:36.238Z] > command requires scopes: ["email","openid","https://www.googleapis.com/auth/cloudplatformprojects.readonly","https://www.googleapis.com/auth/firebase","https://www.googleapis.com/auth/cloud-platform"]
[debug] [2018-02-18T18:49:36.239Z] > authorizing via signed-in user
[debug] [2018-02-18T18:49:36.241Z] > refreshing access token with scopes: ["email","https://www.googleapis.com/auth/cloud-platform","https://www.googleapis.com/auth/cloudplatformprojects.readonly","https://www.googleapis.com/auth/firebase","openid"]
[debug] [2018-02-18T18:49:36.241Z] >>> HTTP REQUEST POST https://www.googleapis.com/oauth2/v3/token  
 { refresh_token: '1/wFjuppiXKnONdf4owwN-17ZV50ocHCbP7IhzS6W0k_8',
  client_id: '563584335869-fgrhgmd47bqnekij5i8b5pr03ho849e6.apps.googleusercontent.com',
  client_secret: 'j9iVZfS8kkCEFUPaAeJV0sAi',
  grant_type: 'refresh_token',
  scope: 'email https://www.googleapis.com/auth/cloud-platform https://www.googleapis.com/auth/cloudplatformprojects.readonly https://www.googleapis.com/auth/firebase openid' } 
 Sun Feb 18 2018 10:49:36 GMT-0800 (PST)
[debug] [2018-02-18T18:49:36.440Z] <<< HTTP RESPONSE 200
[debug] [2018-02-18T18:49:36.446Z] >>> HTTP REQUEST GET https://admin.firebase.com/v1/projects/firebase-devfestmn  
  
 Sun Feb 18 2018 10:49:36 GMT-0800 (PST)
[debug] [2018-02-18T18:49:36.989Z] <<< HTTP RESPONSE 200
[debug] [2018-02-18T18:49:36.990Z] >>> HTTP REQUEST GET https://admin.firebase.com/v1/database/devfestmn/tokens  
  
 Sun Feb 18 2018 10:49:36 GMT-0800 (PST)
[debug] [2018-02-18T18:49:37.550Z] <<< HTTP RESPONSE 200
[info] 
[info] === Deploying to 'firebase-devfestmn'...
[info] 
[info] i  deploying database, functions, hosting
[info] i  functions: running predeploy script.
[info] ✔  functions: Finished running predeploy script.
[info] i  database: checking rules syntax...
[debug] [2018-02-18T18:49:43.520Z] >>> HTTP REQUEST PUT https://devfestmn.firebaseio.com/.settings/rules.json?dryRun=true  
 {
    "rules": {
      "images": {
        ".write": true
      },
      "hunt": {
        "users": {
          "$user_id": {
            ".write": "$user_id === auth.uid"
          }
        },
        "leaderboard": {
          ".write": true
        }
      },
      "admin": {
        ".read": "root.child('admin/'+auth.uid).exists()"
      },
      "users": {
        "$user_id": {
          ".write": "$user_id === auth.uid"
        }
      },
      "$year": {
        "schedule": {
          "$session_id": {
              ".write": "root.child('admin/'+auth.uid).exists() || root.child('devfest'+$year+'/volunteers/'+auth.uid).exists()"
          }
        },
        "speakers": {
          ".write": "root.child('admin/'+auth.uid).exists()"
        },
        "agendas": {
          "$user_id": {
            ".write": "$user_id === auth.uid"
          }
        },
        "feedback": {
          "$user_id": {
            ".write": "$user_id === auth.uid"
          }
        },
        "volunteers": {
            ".write": "root.child('devfest2017/volunteers/'+auth.uid).exists() || root.child('admin/'+auth.uid).exists()"
        }
      },
      "agendas": {
        "$year": {
          "$user_id": {
            ".read": "$user_id === auth.uid",
            ".write": "$user_id === auth.uid"
          }
        }
      },
      "feedback": {
        "2016": {
          "$user_id": {
            ".write": "$user_id === auth.uid"
          }
        },
        "2016mobile": {
          ".write": true
        }
      },
      ".read": true
    }
  }
 
 Sun Feb 18 2018 10:49:43 GMT-0800 (PST)
[debug] [2018-02-18T18:49:44.364Z] <<< HTTP RESPONSE 200
[info] ✔  database: rules syntax for database devfestmn is valid
[debug] [2018-02-18T18:49:44.368Z] > [functions] package.json contents: {
  "name": "functions",
  "scripts": {
    "build": "./node_modules/.bin/tslint -p tslint.json && ./node_modules/.bin/tsc",
    "serve": "npm run build && firebase serve --only functions",
    "shell": "npm run build && firebase experimental:functions:shell",
    "start": "npm run shell",
    "deploy": "firebase deploy --only functions",
    "logs": "firebase functions:log"
  },
  "main": "lib/index.js",
  "dependencies": {
    "firebase-admin": "~5.4.2",
    "firebase-functions": "^0.7.1",
    "node-fetch": "^1.7.3"
  },
  "devDependencies": {
    "tslint": "^5.8.0",
    "typescript": "^2.5.3"
  },
  "private": true
}
[info] i  functions: ensuring necessary APIs are enabled...
[debug] [2018-02-18T18:49:44.371Z] >>> HTTP REQUEST GET https://servicemanagement.googleapis.com/v1/services/cloudfunctions.googleapis.com/projectSettings/firebase-devfestmn?view=CONSUMER_VIEW  
  
 Sun Feb 18 2018 10:49:44 GMT-0800 (PST)
[debug] [2018-02-18T18:49:44.372Z] >>> HTTP REQUEST GET https://servicemanagement.googleapis.com/v1/services/runtimeconfig.googleapis.com/projectSettings/firebase-devfestmn?view=CONSUMER_VIEW  
  
 Sun Feb 18 2018 10:49:44 GMT-0800 (PST)
[debug] [2018-02-18T18:49:45.952Z] <<< HTTP RESPONSE 200
[debug] [2018-02-18T18:49:45.968Z] <<< HTTP RESPONSE 200
[info] ✔  functions: all necessary APIs are enabled
[debug] [2018-02-18T18:49:45.969Z] >>> HTTP REQUEST GET https://appengine.googleapis.com/v1/apps/firebase-devfestmn  
  
 Sun Feb 18 2018 10:49:45 GMT-0800 (PST)
[debug] [2018-02-18T18:49:45.970Z] >>> HTTP REQUEST GET https://apikeys.googleapis.com/v1/projects/firebase-devfestmn/apiKeys  
  
 Sun Feb 18 2018 10:49:45 GMT-0800 (PST)
[debug] [2018-02-18T18:49:46.397Z] <<< HTTP RESPONSE 200
[debug] [2018-02-18T18:49:46.482Z] <<< HTTP RESPONSE 200
[info] i  functions: preparing functions directory for uploading...
[debug] [2018-02-18T18:49:58.911Z] >>> HTTP REQUEST GET https://runtimeconfig.googleapis.com/v1beta1/projects/firebase-devfestmn/configs  
  
 Sun Feb 18 2018 10:49:58 GMT-0800 (PST)
[debug] [2018-02-18T18:49:59.223Z] <<< HTTP RESPONSE 200
[info] i  functions: packaged functions (28 KB) for uploading
[debug] [2018-02-18T18:50:01.195Z] >>> HTTP REQUEST GET https://www.googleapis.com/storage/v1/b/staging.firebase-devfestmn.appspot.com  
  
 Sun Feb 18 2018 10:50:01 GMT-0800 (PST)
[debug] [2018-02-18T18:50:01.362Z] <<< HTTP RESPONSE 200
[debug] [2018-02-18T18:50:01.363Z] >>> HTTP REQUEST POST https://www.googleapis.com/upload/storage/v1/b/staging.firebase-devfestmn.appspot.com/o?uploadType=media&name=firebase-functions-source  
 ReadStream {
  _readableState: 
   ReadableState {
     objectMode: false,
     highWaterMark: 65536,
     buffer: BufferList { head: [Object], tail: [Object], length: 1 },
     length: 28675,
     pipes: null,
     pipesCount: 0,
     flowing: null,
     ended: true,
     endEmitted: false,
     reading: false,
     sync: false,
     needReadable: false,
     emittedReadable: true,
     readableListening: false,
     resumeScheduled: false,
     destroyed: false,
     defaultEncoding: 'utf8',
     awaitDrain: 0,
     readingMore: false,
     decoder: null,
     encoding: null },
  readable: true,
  domain: null,
  _events: { end: [Function] },
  _eventsCount: 1,
  _maxListeners: undefined,
  path: '/tmp/firebase-functions-25164ukB32q0xaTUz.zip',
  fd: 15,
  flags: 'r',
  mode: 438,
  start: undefined,
  end: undefined,
  autoClose: true,
  pos: undefined,
  bytesRead: 28675 } 
 Sun Feb 18 2018 10:50:01 GMT-0800 (PST)
[debug] [2018-02-18T18:50:01.829Z] <<< HTTP RESPONSE 200
[info] ✔  functions: functions folder uploaded successfully
[info] i  hosting: preparing dist directory for upload...
[debug] [2018-02-18T18:50:03.246Z] >>> HTTP REQUEST PUT https://deploy.firebase.com/v1/hosting/devfestmn/uploads/-L5eF1Q6NPfCwx9m_0MM?fileCount=126&message=  
  
 Sun Feb 18 2018 10:50:03 GMT-0800 (PST)
[debug] [2018-02-18T18:50:36.923Z] <<< HTTP RESPONSE 200
[debug] [2018-02-18T18:50:36.923Z] [hosting] .tgz uploaded successfully, waiting for extraction
[info] ✔  hosting: 126 files uploaded successfully
[info] i  database: releasing rules...
[debug] [2018-02-18T18:50:37.669Z] >>> HTTP REQUEST PUT https://devfestmn.firebaseio.com/.settings/rules.json  
 {
    "rules": {
      "images": {
        ".write": true
      },
      "hunt": {
        "users": {
          "$user_id": {
            ".write": "$user_id === auth.uid"
          }
        },
        "leaderboard": {
          ".write": true
        }
      },
      "admin": {
        ".read": "root.child('admin/'+auth.uid).exists()"
      },
      "users": {
        "$user_id": {
          ".write": "$user_id === auth.uid"
        }
      },
      "$year": {
        "schedule": {
          "$session_id": {
              ".write": "root.child('admin/'+auth.uid).exists() || root.child('devfest'+$year+'/volunteers/'+auth.uid).exists()"
          }
        },
        "speakers": {
          ".write": "root.child('admin/'+auth.uid).exists()"
        },
        "agendas": {
          "$user_id": {
            ".write": "$user_id === auth.uid"
          }
        },
        "feedback": {
          "$user_id": {
            ".write": "$user_id === auth.uid"
          }
        },
        "volunteers": {
            ".write": "root.child('devfest2017/volunteers/'+auth.uid).exists() || root.child('admin/'+auth.uid).exists()"
        }
      },
      "agendas": {
        "$year": {
          "$user_id": {
            ".read": "$user_id === auth.uid",
            ".write": "$user_id === auth.uid"
          }
        }
      },
      "feedback": {
        "2016": {
          "$user_id": {
            ".write": "$user_id === auth.uid"
          }
        },
        "2016mobile": {
          ".write": true
        }
      },
      ".read": true
    }
  }
 
 Sun Feb 18 2018 10:50:37 GMT-0800 (PST)
[debug] [2018-02-18T18:50:38.056Z] <<< HTTP RESPONSE 200
[info] ✔  database: rules for database devfestmn released successfully
[debug] [2018-02-18T18:50:38.059Z] >>> HTTP REQUEST GET https://cloudfunctions.googleapis.com/v1/projects/firebase-devfestmn/locations/us-central1/functions  
  
 Sun Feb 18 2018 10:50:38 GMT-0800 (PST)
[debug] [2018-02-18T18:50:38.569Z] <<< HTTP RESPONSE 200
[info] i  functions: updating function generateSitemap...
[debug] [2018-02-18T18:50:38.576Z] Trigger is:  {"httpsTrigger":{}}
[debug] [2018-02-18T18:50:38.580Z] >>> HTTP REQUEST PATCH https://cloudfunctions.googleapis.com/v1/projects/firebase-devfestmn/locations/us-central1/functions/generateSitemap 
query params: {"updateMask":"sourceArchiveUrl,name,labels,httpsTrigger"} 
 { sourceArchiveUrl: 'gs://staging.firebase-devfestmn.appspot.com/firebase-functions-source',
  name: 'projects/firebase-devfestmn/locations/us-central1/functions/generateSitemap',
  labels: { 'deployment-tool': 'cli-firebase' },
  httpsTrigger: {} } 
 Sun Feb 18 2018 10:50:38 GMT-0800 (PST)
[debug] [2018-02-18T18:50:39.093Z] <<< HTTP RESPONSE 200
[debug] [2018-02-18T18:50:39.098Z] >>> HTTP REQUEST GET https://cloudfunctions.googleapis.com/v1/projects/firebase-devfestmn/locations/us-central1/functions  
  
 Sun Feb 18 2018 10:50:39 GMT-0800 (PST)
[debug] [2018-02-18T18:50:39.477Z] <<< HTTP RESPONSE 200
[debug] [2018-02-18T18:50:39.480Z] >>> HTTP REQUEST GET https://cloudfunctions.googleapis.com/v1/operations/ZmlyZWJhc2UtZGV2ZmVzdG1uL3VzLWNlbnRyYWwxL2dlbmVyYXRlU2l0ZW1hcC9fQVY0TmxIeEhBZw  
  
 Sun Feb 18 2018 10:50:39 GMT-0800 (PST)
[debug] [2018-02-18T18:50:39.826Z] <<< HTTP RESPONSE 200
[debug] [2018-02-18T18:50:41.830Z] >>> HTTP REQUEST GET https://cloudfunctions.googleapis.com/v1/operations/ZmlyZWJhc2UtZGV2ZmVzdG1uL3VzLWNlbnRyYWwxL2dlbmVyYXRlU2l0ZW1hcC9fQVY0TmxIeEhBZw  
  
 Sun Feb 18 2018 10:50:41 GMT-0800 (PST)
[debug] [2018-02-18T18:50:42.203Z] <<< HTTP RESPONSE 200
[debug] [2018-02-18T18:50:44.206Z] >>> HTTP REQUEST GET https://cloudfunctions.googleapis.com/v1/operations/ZmlyZWJhc2UtZGV2ZmVzdG1uL3VzLWNlbnRyYWwxL2dlbmVyYXRlU2l0ZW1hcC9fQVY0TmxIeEhBZw  
  
 Sun Feb 18 2018 10:50:44 GMT-0800 (PST)
[debug] [2018-02-18T18:50:44.551Z] <<< HTTP RESPONSE 200
[debug] [2018-02-18T18:50:46.554Z] >>> HTTP REQUEST GET https://cloudfunctions.googleapis.com/v1/operations/ZmlyZWJhc2UtZGV2ZmVzdG1uL3VzLWNlbnRyYWwxL2dlbmVyYXRlU2l0ZW1hcC9fQVY0TmxIeEhBZw  
  
 Sun Feb 18 2018 10:50:46 GMT-0800 (PST)
[debug] [2018-02-18T18:50:46.884Z] <<< HTTP RESPONSE 200
[debug] [2018-02-18T18:50:48.886Z] >>> HTTP REQUEST GET https://cloudfunctions.googleapis.com/v1/operations/ZmlyZWJhc2UtZGV2ZmVzdG1uL3VzLWNlbnRyYWwxL2dlbmVyYXRlU2l0ZW1hcC9fQVY0TmxIeEhBZw  
  
 Sun Feb 18 2018 10:50:48 GMT-0800 (PST)
[debug] [2018-02-18T18:50:49.253Z] <<< HTTP RESPONSE 200
